<?xml version="1.0" encoding="UTF-8"?>
<!-- Generated by org.testng.reporters.JUnitReportReporter -->
<testsuite hostname="JAGAN" failures="0" tests="1" name="com.cucumber.runner.TestRunner" time="37.182" errors="0" timestamp="2024-03-09T00:08:02 IST" skipped="0">
  <testcase classname="com.cucumber.runner.TestRunner" name="runScenario" time="37.182">
    <system-out>
      <![CDATA[Page Title: Citi Simplicity® Card]]>
    </system-out>
  </testcase> <!-- runScenario -->
  <system-out>
    <![CDATA[Page Title: Citi Simplicity® Card]]>
  </system-out>
</testsuite> <!-- com.cucumber.runner.TestRunner -->
